<?xml version="1.0" encoding="UTF-8"?>
<!-- Generated by org.testng.reporters.JUnitReportReporter -->
<testsuite hostname="LAPTOP-SEKHTOV3" failures="0" tests="1" name="tests.RegistrationPageTest" time="0.438" errors="0" timestamp="16 Apr 2022 16:04:40 GMT">
  <testcase classname="tests.RegistrationPageTest" name="validateRegistrationPage" time="0.438"/>
</testsuite> <!-- tests.RegistrationPageTest -->
